# JRE version: Java(TM) SE Runtime Environment (17.0.9+11) (build 17.0.9+11-LTS-201)
# Java VM: Java HotSpot(TM) 64-Bit Server VM (17.0.9+11-LTS-201, mixed mode, sharing, tiered, compressed oops, compressed class ptrs, g1 gc, windows-amd64)
GC Precious Log:
 CPUs: 4 total, 4 available
 Memory: 8067M
 Large Page Support: Disabled
 NUMA Support: Disabled
 Compressed Oops: Enabled (32-bit)
 Heap Region Size: 1M
 Heap Min Capacity: 256M
 Heap Initial Capacity: 256M
 Heap Max Capacity: 512M
 Pre-touch: Disabled
 Parallel Workers: 4
 Concurrent Workers: 1
 Concurrent Refinement Workers: 4
 Periodic GC: Disabled
Heap:
 garbage-first heap   total 262144K, used 127231K [0x00000000e0000000, 0x0000000100000000)
  region size 1024K, 87 young (89088K), 8 survivors (8192K)
 Metaspace       used 60813K, committed 61504K, reserved 393216K
  class space    used 8478K, committed 8832K, reserved 327680K
GC Heap History (16 events):
Event: 2.655 GC heap before
{Heap before GC invocations=0 (full 0):
 garbage-first heap   total 262144K, used 13312K [0x00000000e0000000, 0x0000000100000000)
  region size 1024K, 13 young (13312K), 0 survivors (0K)
 Metaspace       used 770K, committed 896K, reserved 393216K
  class space    used 61K, committed 128K, reserved 327680K
}
Event: 2.700 GC heap after
{Heap after GC invocations=1 (full 0):
 garbage-first heap   total 262144K, used 1184K [0x00000000e0000000, 0x0000000100000000)
  region size 1024K, 2 young (2048K), 2 survivors (2048K)
 Metaspace       used 770K, committed 896K, reserved 393216K
  class space    used 61K, committed 128K, reserved 327680K
}
Event: 6.114 GC heap before
{Heap before GC invocations=1 (full 0):
 garbage-first heap   total 262144K, used 23712K [0x00000000e0000000, 0x0000000100000000)
  region size 1024K, 21 young (21504K), 2 survivors (2048K)
 Metaspace       used 3100K, committed 3328K, reserved 393216K
  class space    used 382K, committed 512K, reserved 327680K
}
Event: 6.120 GC heap after
{Heap after GC invocations=2 (full 0):
 garbage-first heap   total 262144K, used 10694K [0x00000000e0000000, 0x0000000100000000)
  region size 1024K, 3 young (3072K), 3 survivors (3072K)
 Metaspace       used 3100K, committed 3328K, reserved 393216K
  class space    used 382K, committed 512K, reserved 327680K
}
Event: 29.000 GC heap before
{Heap before GC invocations=2 (full 0):
 garbage-first heap   total 262144K, used 166342K [0x00000000e0000000, 0x0000000100000000)
  region size 1024K, 153 young (156672K), 3 survivors (3072K)
 Metaspace       used 19035K, committed 19328K, reserved 393216K
  class space    used 2759K, committed 2880K, reserved 327680K
}
Event: 29.021 GC heap after
{Heap after GC invocations=3 (full 0):
 garbage-first heap   total 262144K, used 22754K [0x00000000e0000000, 0x0000000100000000)
  region size 1024K, 14 young (14336K), 14 survivors (14336K)
 Metaspace       used 19035K, committed 19328K, reserved 393216K
  class space    used 2759K, committed 2880K, reserved 327680K
}
Event: 31.477 GC heap before
{Heap before GC invocations=3 (full 0):
 garbage-first heap   total 262144K, used 41186K [0x00000000e0000000, 0x0000000100000000)
  region size 1024K, 33 young (33792K), 14 survivors (14336K)
 Metaspace       used 21164K, committed 21504K, reserved 393216K
  class space    used 3087K, committed 3264K, reserved 327680K
}
Event: 31.501 GC heap after
{Heap after GC invocations=4 (full 0):
 garbage-first heap   total 262144K, used 24949K [0x00000000e0000000, 0x0000000100000000)
  region size 1024K, 2 young (2048K), 2 survivors (2048K)
 Metaspace       used 21164K, committed 21504K, reserved 393216K
  class space    used 3087K, committed 3264K, reserved 327680K
}
Event: 49.206 GC heap before
{Heap before GC invocations=5 (full 0):
 garbage-first heap   total 262144K, used 144757K [0x00000000e0000000, 0x0000000100000000)
  region size 1024K, 116 young (118784K), 2 survivors (2048K)
 Metaspace       used 35529K, committed 35968K, reserved 393216K
  class space    used 4942K, committed 5184K, reserved 327680K
}
Event: 49.222 GC heap after
{Heap after GC invocations=6 (full 0):
 garbage-first heap   total 262144K, used 32734K [0x00000000e0000000, 0x0000000100000000)
  region size 1024K, 10 young (10240K), 10 survivors (10240K)
 Metaspace       used 35529K, committed 35968K, reserved 393216K
  class space    used 4942K, committed 5184K, reserved 327680K
}
Event: 69.903 GC heap before
{Heap before GC invocations=7 (full 0):
 garbage-first heap   total 262144K, used 181214K [0x00000000e0000000, 0x0000000100000000)
  region size 1024K, 153 young (156672K), 10 survivors (10240K)
 Metaspace       used 47318K, committed 47936K, reserved 393216K
  class space    used 6669K, committed 6976K, reserved 327680K
}
Event: 69.926 GC heap after
{Heap after GC invocations=8 (full 0):
 garbage-first heap   total 262144K, used 40033K [0x00000000e0000000, 0x0000000100000000)
  region size 1024K, 17 young (17408K), 17 survivors (17408K)
 Metaspace       used 47318K, committed 47936K, reserved 393216K
  class space    used 6669K, committed 6976K, reserved 327680K
}
Event: 69.975 GC heap before
{Heap before GC invocations=8 (full 0):
 garbage-first heap   total 262144K, used 41057K [0x00000000e0000000, 0x0000000100000000)
  region size 1024K, 18 young (18432K), 17 survivors (17408K)
 Metaspace       used 47413K, committed 48000K, reserved 393216K
  class space    used 6687K, committed 6976K, reserved 327680K
}
Event: 69.999 GC heap after
{Heap after GC invocations=9 (full 0):
 garbage-first heap   total 262144K, used 41215K [0x00000000e0000000, 0x0000000100000000)
  region size 1024K, 2 young (2048K), 2 survivors (2048K)
 Metaspace       used 47413K, committed 48000K, reserved 393216K
  class space    used 6687K, committed 6976K, reserved 327680K
}
Event: 104.820 GC heap before
{Heap before GC invocations=9 (full 0):
 garbage-first heap   total 262144K, used 175359K [0x00000000e0000000, 0x0000000100000000)
  region size 1024K, 135 young (138240K), 2 survivors (2048K)
 Metaspace       used 59454K, committed 60096K, reserved 393216K
  class space    used 8397K, committed 8704K, reserved 327680K
}
Event: 104.866 GC heap after
{Heap after GC invocations=10 (full 0):
 garbage-first heap   total 262144K, used 47359K [0x00000000e0000000, 0x0000000100000000)
  region size 1024K, 8 young (8192K), 8 survivors (8192K)
 Metaspace       used 59454K, committed 60096K, reserved 393216K
  class space    used 8397K, committed 8704K, reserved 327680K
}

